<?xml version="1.0" encoding="UTF-8"?>
<!-- Generated by org.testng.reporters.JUnitReportReporter -->
<testsuite hostname="Shiva" name="com.ixigo.test.FlightListDetailsTest" tests="1" failures="0" timestamp="27 May 2021 19:16:49 GMT" time="36.894" errors="0">
  <testcase name="flightDetailsTest" time="36.894" classname="com.ixigo.test.FlightListDetailsTest"/>
</testsuite> <!-- com.ixigo.test.FlightListDetailsTest -->
